生成启动时间为 2014/8/21 0:54:27。
     1>项目“f:\VS2010\Projects\ConDemo\ConDemo\ConDemo.vcxproj”在节点 2 上(build 个目标)。
     1>InitializeBuildStatus:
         正在创建“Debug\ConDemo.unsuccessfulbuild”，因为已指定“AlwaysCreate”。
       ClCompile:
         所有输出均为最新。
         f:\VS2010\VC\bin\CL.exe /c /ZI /nologo /W3 /WX- /Od /Oy- /D WIN32 /D _WINDOWS /D _DEBUG /D _UNICODE /D UNICODE /D _AFXDLL /Gm /EHsc /RTC1 /MDd /GS /fp:precise /Zc:wchar_t /Zc:forScope /Yu"StdAfx.h" /Fp"Debug\ConDemo.pch" /Fo"Debug\\" /Fd"Debug\vc100.pdb" /Gd /TP /analyze- /errorReport:prompt ControlDialog.cpp
         ControlDialog.cpp
       ResourceCompile:
         所有输出均为最新。
       ManifestResourceCompile:
         所有输出均为最新。
       Link:
         f:\VS2010\VC\bin\link.exe /ERRORREPORT:PROMPT /OUT:"f:\VS2010\Projects\ConDemo\Debug\ConDemo.exe" /INCREMENTAL /NOLOGO /MANIFEST /ManifestFile:"Debug\ConDemo.exe.intermediate.manifest" /MANIFESTUAC:"level='asInvoker' uiAccess='false'" /DEBUG /PDB:"f:\VS2010\Projects\ConDemo\Debug\ConDemo.pdb" /SUBSYSTEM:WINDOWS /TLBID:1 /ENTRY:"wWinMainCRTStartup" /DYNAMICBASE /NXCOMPAT /IMPLIB:"f:\VS2010\Projects\ConDemo\Debug\ConDemo.lib" /MACHINE:X86 Debug\ConDemo.res
         Debug\ConDemo.exe.embed.manifest.res
         Debug\ConDemo.obj
         Debug\ConDemoDoc.obj
         Debug\ConDemoView.obj
         Debug\ControlDialog.obj
         Debug\DockableForm.obj
         Debug\MainFrm.obj
         Debug\StatusDialog.obj
         Debug\stdafx.obj
         Debug\StructureDialog.obj
       Manifest:
         C:\Program Files (x86)\Microsoft SDKs\Windows\v7.0A\bin\mt.exe /nologo /verbose /out:"Debug\ConDemo.exe.embed.manifest" /manifest Debug\ConDemo.exe.intermediate.manifest f:\VS2010\VC\Include\Manifest\dpiaware.manifest
         所有输出均为最新。
       LinkEmbedManifest:
         所有输出均为最新。
         ConDemo.vcxproj -> f:\VS2010\Projects\ConDemo\Debug\ConDemo.exe
       FinalizeBuildStatus:
         正在删除文件“Debug\ConDemo.unsuccessfulbuild”。
         正在对“Debug\ConDemo.lastbuildstate”执行 Touch 任务。
     1>已完成生成项目“f:\VS2010\Projects\ConDemo\ConDemo\ConDemo.vcxproj”(build 个目标)的操作。

生成成功。

已用时间 00:00:00.59
